2025-05-23 11:39:58 [main] INFO  c.example.A_Task3.ATask3Application - Starting ATask3Application using Java 22 with PID 15544 (C:\Users\User\Desktop\Areeba_Tasks\A_Task3\target\classes started by User in C:\Users\User\Desktop\Areeba_Tasks\A_Task3)
2025-05-23 11:39:58 [main] INFO  c.example.A_Task3.ATask3Application - No active profile set, falling back to 1 default profile: "default"
2025-05-23 11:39:59 [main] INFO  o.s.d.r.c.RepositoryConfigurationDelegate - Bootstrapping Spring Data JPA repositories in DEFAULT mode.
2025-05-23 11:39:59 [main] INFO  o.s.d.r.c.RepositoryConfigurationDelegate - Finished Spring Data repository scanning in 179 ms. Found 4 JPA repository interfaces.
2025-05-23 11:40:00 [main] INFO  o.s.b.w.e.tomcat.TomcatWebServer - Tomcat initialized with port 8080 (http)
2025-05-23 11:40:00 [main] INFO  o.a.catalina.core.StandardService - Starting service [Tomcat]
2025-05-23 11:40:00 [main] INFO  o.a.catalina.core.StandardEngine - Starting Servlet engine: [Apache Tomcat/10.1.40]
2025-05-23 11:40:00 [main] INFO  o.a.c.c.C.[Tomcat].[localhost].[/] - Initializing Spring embedded WebApplicationContext
2025-05-23 11:40:00 [main] INFO  o.s.b.w.s.c.ServletWebServerApplicationContext - Root WebApplicationContext: initialization completed in 2269 ms
2025-05-23 11:40:00 [main] INFO  com.zaxxer.hikari.HikariDataSource - HikariPool-1 - Starting...
2025-05-23 11:40:01 [main] INFO  com.zaxxer.hikari.pool.HikariPool - HikariPool-1 - Added connection org.postgresql.jdbc.PgConnection@67d4c48d
2025-05-23 11:40:01 [main] INFO  com.zaxxer.hikari.HikariDataSource - HikariPool-1 - Start completed.
2025-05-23 11:40:01 [main] INFO  o.h.jpa.internal.util.LogHelper - HHH000204: Processing PersistenceUnitInfo [name: default]
2025-05-23 11:40:01 [main] INFO  org.hibernate.Version - HHH000412: Hibernate ORM core version 6.6.13.Final
2025-05-23 11:40:01 [main] INFO  o.h.c.i.RegionFactoryInitiator - HHH000026: Second-level cache disabled
2025-05-23 11:40:02 [main] INFO  o.s.o.j.p.SpringPersistenceUnitInfo - No LoadTimeWeaver setup: ignoring JPA class transformer
2025-05-23 11:40:02 [main] WARN  org.hibernate.orm.deprecation - HHH90000025: PostgreSQLDialect does not need to be specified explicitly using 'hibernate.dialect' (remove the property setting and it will be selected by default)
2025-05-23 11:40:02 [main] INFO  o.hibernate.orm.connections.pooling - HHH10001005: Database info:
	Database JDBC URL [Connecting through datasource 'HikariDataSource (HikariPool-1)']
	Database driver: undefined/unknown
	Database version: 17.4
	Autocommit mode: undefined/unknown
	Isolation level: undefined/unknown
	Minimum pool size: undefined/unknown
	Maximum pool size: undefined/unknown
2025-05-23 11:40:03 [main] INFO  o.h.e.t.j.p.i.JtaPlatformInitiator - HHH000489: No JTA platform available (set 'hibernate.transaction.jta.platform' to enable JTA platform integration)
2025-05-23 11:40:03 [main] INFO  o.s.o.j.LocalContainerEntityManagerFactoryBean - Initialized JPA EntityManagerFactory for persistence unit 'default'
2025-05-23 11:40:03 [main] WARN  o.s.b.a.o.j.JpaBaseConfiguration$JpaWebConfiguration - spring.jpa.open-in-view is enabled by default. Therefore, database queries may be performed during view rendering. Explicitly configure spring.jpa.open-in-view to disable this warning
2025-05-23 11:40:04 [main] INFO  o.s.v.b.OptionalValidatorFactoryBean - Failed to set up a Bean Validation provider: jakarta.validation.NoProviderFoundException: Unable to create a Configuration, because no Jakarta Bean Validation provider could be found. Add a provider like Hibernate Validator (RI) to your classpath.
2025-05-23 11:40:05 [main] INFO  o.s.b.w.e.tomcat.TomcatWebServer - Tomcat started on port 8080 (http) with context path '/'
2025-05-23 11:40:05 [main] INFO  c.example.A_Task3.ATask3Application - Started ATask3Application in 7.396 seconds (process running for 10.822)
2025-05-23 11:40:19 [http-nio-8080-exec-1] INFO  o.a.c.c.C.[Tomcat].[localhost].[/] - Initializing Spring DispatcherServlet 'dispatcherServlet'
2025-05-23 11:40:19 [http-nio-8080-exec-1] INFO  o.s.web.servlet.DispatcherServlet - Initializing Servlet 'dispatcherServlet'
2025-05-23 11:40:19 [http-nio-8080-exec-1] INFO  o.s.web.servlet.DispatcherServlet - Completed initialization in 1 ms
2025-05-23 11:40:21 [http-nio-8080-exec-8] INFO  o.s.api.AbstractOpenApiResource - Init duration for springdoc-openapi is: 859 ms
2025-05-23 11:40:37 [http-nio-8080-exec-9] INFO  c.e.A.controllers.AuthorController - Request to create author: CreateAuthorRequest(name=string, biography=string)
2025-05-23 11:40:37 [http-nio-8080-exec-9] DEBUG org.hibernate.SQL - insert into author (biography,name,id) values (?,?,?)
2025-05-23 11:40:37 [http-nio-8080-exec-9] INFO  c.e.A_Task3.services.AuthorService - Author created: id=4a64535e-3fab-4465-8013-e6f05b2d6602
2025-05-23 11:40:37 [http-nio-8080-exec-9] INFO  c.e.A.controllers.AuthorController - Author created successfully: id=4a64535e-3fab-4465-8013-e6f05b2d6602
2025-05-23 11:42:04 [SpringApplicationShutdownHook] INFO  o.s.b.w.e.tomcat.GracefulShutdown - Commencing graceful shutdown. Waiting for active requests to complete
2025-05-23 11:42:04 [tomcat-shutdown] INFO  o.s.b.w.e.tomcat.GracefulShutdown - Graceful shutdown complete
2025-05-23 11:42:04 [SpringApplicationShutdownHook] INFO  o.s.o.j.LocalContainerEntityManagerFactoryBean - Closing JPA EntityManagerFactory for persistence unit 'default'
2025-05-23 11:42:04 [SpringApplicationShutdownHook] INFO  com.zaxxer.hikari.HikariDataSource - HikariPool-1 - Shutdown initiated...
2025-05-23 11:42:04 [SpringApplicationShutdownHook] INFO  com.zaxxer.hikari.HikariDataSource - HikariPool-1 - Shutdown completed.
2025-05-23 14:33:16 [main] INFO  c.example.A_Task3.ATask3Application - Starting ATask3Application using Java 22 with PID 27524 (C:\Users\User\Desktop\Areeba_Tasks\A_Task3\target\classes started by User in C:\Users\User\Desktop\Areeba_Tasks\A_Task3)
2025-05-23 14:33:16 [main] INFO  c.example.A_Task3.ATask3Application - No active profile set, falling back to 1 default profile: "default"
2025-05-23 14:33:17 [main] INFO  o.s.d.r.c.RepositoryConfigurationDelegate - Bootstrapping Spring Data JPA repositories in DEFAULT mode.
2025-05-23 14:33:17 [main] INFO  o.s.d.r.c.RepositoryConfigurationDelegate - Finished Spring Data repository scanning in 64 ms. Found 4 JPA repository interfaces.
2025-05-23 14:33:18 [main] INFO  o.s.b.w.e.tomcat.TomcatWebServer - Tomcat initialized with port 8080 (http)
2025-05-23 14:33:18 [main] INFO  o.a.catalina.core.StandardService - Starting service [Tomcat]
2025-05-23 14:33:18 [main] INFO  o.a.catalina.core.StandardEngine - Starting Servlet engine: [Apache Tomcat/10.1.40]
2025-05-23 14:33:18 [main] INFO  o.a.c.c.C.[Tomcat].[localhost].[/] - Initializing Spring embedded WebApplicationContext
2025-05-23 14:33:18 [main] INFO  o.s.b.w.s.c.ServletWebServerApplicationContext - Root WebApplicationContext: initialization completed in 2154 ms
2025-05-23 14:33:18 [main] INFO  com.zaxxer.hikari.HikariDataSource - HikariPool-1 - Starting...
2025-05-23 14:33:19 [main] INFO  com.zaxxer.hikari.pool.HikariPool - HikariPool-1 - Added connection org.postgresql.jdbc.PgConnection@ce12fbb
2025-05-23 14:33:19 [main] INFO  com.zaxxer.hikari.HikariDataSource - HikariPool-1 - Start completed.
2025-05-23 14:33:19 [main] INFO  o.h.jpa.internal.util.LogHelper - HHH000204: Processing PersistenceUnitInfo [name: default]
2025-05-23 14:33:19 [main] INFO  org.hibernate.Version - HHH000412: Hibernate ORM core version 6.6.13.Final
2025-05-23 14:33:19 [main] INFO  o.h.c.i.RegionFactoryInitiator - HHH000026: Second-level cache disabled
2025-05-23 14:33:19 [main] INFO  o.s.o.j.p.SpringPersistenceUnitInfo - No LoadTimeWeaver setup: ignoring JPA class transformer
2025-05-23 14:33:19 [main] WARN  org.hibernate.orm.deprecation - HHH90000025: PostgreSQLDialect does not need to be specified explicitly using 'hibernate.dialect' (remove the property setting and it will be selected by default)
2025-05-23 14:33:19 [main] INFO  o.hibernate.orm.connections.pooling - HHH10001005: Database info:
	Database JDBC URL [Connecting through datasource 'HikariDataSource (HikariPool-1)']
	Database driver: undefined/unknown
	Database version: 17.4
	Autocommit mode: undefined/unknown
	Isolation level: undefined/unknown
	Minimum pool size: undefined/unknown
	Maximum pool size: undefined/unknown
2025-05-23 14:33:20 [main] INFO  o.h.e.t.j.p.i.JtaPlatformInitiator - HHH000489: No JTA platform available (set 'hibernate.transaction.jta.platform' to enable JTA platform integration)
2025-05-23 14:33:20 [main] INFO  o.s.o.j.LocalContainerEntityManagerFactoryBean - Initialized JPA EntityManagerFactory for persistence unit 'default'
2025-05-23 14:33:21 [main] WARN  o.s.b.a.o.j.JpaBaseConfiguration$JpaWebConfiguration - spring.jpa.open-in-view is enabled by default. Therefore, database queries may be performed during view rendering. Explicitly configure spring.jpa.open-in-view to disable this warning
2025-05-23 14:33:21 [main] INFO  o.s.v.b.OptionalValidatorFactoryBean - Failed to set up a Bean Validation provider: jakarta.validation.NoProviderFoundException: Unable to create a Configuration, because no Jakarta Bean Validation provider could be found. Add a provider like Hibernate Validator (RI) to your classpath.
2025-05-23 14:33:22 [main] INFO  o.s.b.w.e.tomcat.TomcatWebServer - Tomcat started on port 8080 (http) with context path '/'
2025-05-23 14:33:22 [main] INFO  c.example.A_Task3.ATask3Application - Started ATask3Application in 6.865 seconds (process running for 10.823)
2025-05-23 14:34:01 [http-nio-8080-exec-1] INFO  o.a.c.c.C.[Tomcat].[localhost].[/] - Initializing Spring DispatcherServlet 'dispatcherServlet'
2025-05-23 14:34:01 [http-nio-8080-exec-1] INFO  o.s.web.servlet.DispatcherServlet - Initializing Servlet 'dispatcherServlet'
2025-05-23 14:34:01 [http-nio-8080-exec-1] INFO  o.s.web.servlet.DispatcherServlet - Completed initialization in 1 ms
2025-05-23 14:34:02 [http-nio-8080-exec-4] INFO  o.s.api.AbstractOpenApiResource - Init duration for springdoc-openapi is: 830 ms
2025-05-23 14:34:59 [http-nio-8080-exec-6] INFO  c.e.A.controllers.BookController - Request to create book: CreateBookRequest(isbn=9780747532699, category=FICTION)
2025-05-23 14:35:01 [http-nio-8080-exec-6] DEBUG org.hibernate.SQL - select a1_0.id,a1_0.biography,a1_0.name from author a1_0 where a1_0.name=?
2025-05-23 14:35:01 [http-nio-8080-exec-6] DEBUG org.hibernate.SQL - insert into author (biography,name,id) values (?,?,?)
2025-05-23 14:35:01 [http-nio-8080-exec-6] DEBUG org.hibernate.SQL - select b1_0.id,b1_0.availability,b1_0.category,b1_0.isbn,b1_0.title from book b1_0
2025-05-23 14:35:01 [http-nio-8080-exec-6] DEBUG org.hibernate.SQL - insert into book (availability,category,isbn,title,id) values (?,?,?,?,?)
2025-05-23 14:35:01 [http-nio-8080-exec-6] DEBUG org.hibernate.SQL - insert into book_author (book_id,author_id) values (?,?)
2025-05-23 14:35:01 [http-nio-8080-exec-6] INFO  c.e.A_Task3.services.BookService - Book added successfully: id=680b287d-777d-446a-9a92-d85e013d77d8
2025-05-23 14:35:01 [http-nio-8080-exec-6] INFO  c.e.A.controllers.BookController - Book created successfully: id=680b287d-777d-446a-9a92-d85e013d77d8
2025-05-23 14:37:11 [http-nio-8080-exec-9] INFO  c.e.A.controllers.BookController - Request to create book: CreateBookRequest(isbn=432536, category=FICTION)
2025-05-23 14:37:11 [http-nio-8080-exec-9] ERROR c.e.A_Task3.services.BookService - Unexpected error in addBook
java.lang.Exception: Book not found in Open Library for ISBN: 432536
	at com.example.A_Task3.util.openlibrary.OpenLibraryClient.fetchBookByIsbn(OpenLibraryClient.java:27)
	at com.example.A_Task3.services.BookService.addBook(BookService.java:38)
	at com.example.A_Task3.controllers.BookController.createBook(BookController.java:32)
	at java.base/jdk.internal.reflect.DirectMethodHandleAccessor.invoke(DirectMethodHandleAccessor.java:103)
	at java.base/java.lang.reflect.Method.invoke(Method.java:580)
	at org.springframework.web.method.support.InvocableHandlerMethod.doInvoke(InvocableHandlerMethod.java:258)
	at org.springframework.web.method.support.InvocableHandlerMethod.invokeForRequest(InvocableHandlerMethod.java:191)
	at org.springframework.web.servlet.mvc.method.annotation.ServletInvocableHandlerMethod.invokeAndHandle(ServletInvocableHandlerMethod.java:118)
	at org.springframework.web.servlet.mvc.method.annotation.RequestMappingHandlerAdapter.invokeHandlerMethod(RequestMappingHandlerAdapter.java:986)
	at org.springframework.web.servlet.mvc.method.annotation.RequestMappingHandlerAdapter.handleInternal(RequestMappingHandlerAdapter.java:891)
	at org.springframework.web.servlet.mvc.method.AbstractHandlerMethodAdapter.handle(AbstractHandlerMethodAdapter.java:87)
	at org.springframework.web.servlet.DispatcherServlet.doDispatch(DispatcherServlet.java:1089)
	at org.springframework.web.servlet.DispatcherServlet.doService(DispatcherServlet.java:979)
	at org.springframework.web.servlet.FrameworkServlet.processRequest(FrameworkServlet.java:1014)
	at org.springframework.web.servlet.FrameworkServlet.doPost(FrameworkServlet.java:914)
	at jakarta.servlet.http.HttpServlet.service(HttpServlet.java:590)
	at org.springframework.web.servlet.FrameworkServlet.service(FrameworkServlet.java:885)
	at jakarta.servlet.http.HttpServlet.service(HttpServlet.java:658)
	at org.apache.catalina.core.ApplicationFilterChain.internalDoFilter(ApplicationFilterChain.java:195)
	at org.apache.catalina.core.ApplicationFilterChain.doFilter(ApplicationFilterChain.java:140)
	at org.apache.tomcat.websocket.server.WsFilter.doFilter(WsFilter.java:51)
	at org.apache.catalina.core.ApplicationFilterChain.internalDoFilter(ApplicationFilterChain.java:164)
	at org.apache.catalina.core.ApplicationFilterChain.doFilter(ApplicationFilterChain.java:140)
	at org.springframework.web.filter.RequestContextFilter.doFilterInternal(RequestContextFilter.java:100)
	at org.springframework.web.filter.OncePerRequestFilter.doFilter(OncePerRequestFilter.java:116)
	at org.apache.catalina.core.ApplicationFilterChain.internalDoFilter(ApplicationFilterChain.java:164)
	at org.apache.catalina.core.ApplicationFilterChain.doFilter(ApplicationFilterChain.java:140)
	at org.springframework.web.filter.FormContentFilter.doFilterInternal(FormContentFilter.java:93)
	at org.springframework.web.filter.OncePerRequestFilter.doFilter(OncePerRequestFilter.java:116)
	at org.apache.catalina.core.ApplicationFilterChain.internalDoFilter(ApplicationFilterChain.java:164)
	at org.apache.catalina.core.ApplicationFilterChain.doFilter(ApplicationFilterChain.java:140)
	at org.springframework.web.filter.CharacterEncodingFilter.doFilterInternal(CharacterEncodingFilter.java:201)
	at org.springframework.web.filter.OncePerRequestFilter.doFilter(OncePerRequestFilter.java:116)
	at org.apache.catalina.core.ApplicationFilterChain.internalDoFilter(ApplicationFilterChain.java:164)
	at org.apache.catalina.core.ApplicationFilterChain.doFilter(ApplicationFilterChain.java:140)
	at org.apache.catalina.core.StandardWrapperValve.invoke(StandardWrapperValve.java:167)
	at org.apache.catalina.core.StandardContextValve.invoke(StandardContextValve.java:90)
	at org.apache.catalina.authenticator.AuthenticatorBase.invoke(AuthenticatorBase.java:483)
	at org.apache.catalina.core.StandardHostValve.invoke(StandardHostValve.java:116)
	at org.apache.catalina.valves.ErrorReportValve.invoke(ErrorReportValve.java:93)
	at org.apache.catalina.core.StandardEngineValve.invoke(StandardEngineValve.java:74)
	at org.apache.catalina.connector.CoyoteAdapter.service(CoyoteAdapter.java:344)
	at org.apache.coyote.http11.Http11Processor.service(Http11Processor.java:398)
	at org.apache.coyote.AbstractProcessorLight.process(AbstractProcessorLight.java:63)
	at org.apache.coyote.AbstractProtocol$ConnectionHandler.process(AbstractProtocol.java:903)
	at org.apache.tomcat.util.net.NioEndpoint$SocketProcessor.doRun(NioEndpoint.java:1740)
	at org.apache.tomcat.util.net.SocketProcessorBase.run(SocketProcessorBase.java:52)
	at org.apache.tomcat.util.threads.ThreadPoolExecutor.runWorker(ThreadPoolExecutor.java:1189)
	at org.apache.tomcat.util.threads.ThreadPoolExecutor$Worker.run(ThreadPoolExecutor.java:658)
	at org.apache.tomcat.util.threads.TaskThread$WrappingRunnable.run(TaskThread.java:63)
	at java.base/java.lang.Thread.run(Thread.java:1570)
2025-05-23 14:37:11 [http-nio-8080-exec-9] ERROR c.e.A.controllers.BookController - Failed to create book: Failed to add book
java.lang.RuntimeException: Failed to add book
	at com.example.A_Task3.services.BookService.addBook(BookService.java:76)
	at com.example.A_Task3.controllers.BookController.createBook(BookController.java:32)
	at java.base/jdk.internal.reflect.DirectMethodHandleAccessor.invoke(DirectMethodHandleAccessor.java:103)
	at java.base/java.lang.reflect.Method.invoke(Method.java:580)
	at org.springframework.web.method.support.InvocableHandlerMethod.doInvoke(InvocableHandlerMethod.java:258)
	at org.springframework.web.method.support.InvocableHandlerMethod.invokeForRequest(InvocableHandlerMethod.java:191)
	at org.springframework.web.servlet.mvc.method.annotation.ServletInvocableHandlerMethod.invokeAndHandle(ServletInvocableHandlerMethod.java:118)
	at org.springframework.web.servlet.mvc.method.annotation.RequestMappingHandlerAdapter.invokeHandlerMethod(RequestMappingHandlerAdapter.java:986)
	at org.springframework.web.servlet.mvc.method.annotation.RequestMappingHandlerAdapter.handleInternal(RequestMappingHandlerAdapter.java:891)
	at org.springframework.web.servlet.mvc.method.AbstractHandlerMethodAdapter.handle(AbstractHandlerMethodAdapter.java:87)
	at org.springframework.web.servlet.DispatcherServlet.doDispatch(DispatcherServlet.java:1089)
	at org.springframework.web.servlet.DispatcherServlet.doService(DispatcherServlet.java:979)
	at org.springframework.web.servlet.FrameworkServlet.processRequest(FrameworkServlet.java:1014)
	at org.springframework.web.servlet.FrameworkServlet.doPost(FrameworkServlet.java:914)
	at jakarta.servlet.http.HttpServlet.service(HttpServlet.java:590)
	at org.springframework.web.servlet.FrameworkServlet.service(FrameworkServlet.java:885)
	at jakarta.servlet.http.HttpServlet.service(HttpServlet.java:658)
	at org.apache.catalina.core.ApplicationFilterChain.internalDoFilter(ApplicationFilterChain.java:195)
	at org.apache.catalina.core.ApplicationFilterChain.doFilter(ApplicationFilterChain.java:140)
	at org.apache.tomcat.websocket.server.WsFilter.doFilter(WsFilter.java:51)
	at org.apache.catalina.core.ApplicationFilterChain.internalDoFilter(ApplicationFilterChain.java:164)
	at org.apache.catalina.core.ApplicationFilterChain.doFilter(ApplicationFilterChain.java:140)
	at org.springframework.web.filter.RequestContextFilter.doFilterInternal(RequestContextFilter.java:100)
	at org.springframework.web.filter.OncePerRequestFilter.doFilter(OncePerRequestFilter.java:116)
	at org.apache.catalina.core.ApplicationFilterChain.internalDoFilter(ApplicationFilterChain.java:164)
	at org.apache.catalina.core.ApplicationFilterChain.doFilter(ApplicationFilterChain.java:140)
	at org.springframework.web.filter.FormContentFilter.doFilterInternal(FormContentFilter.java:93)
	at org.springframework.web.filter.OncePerRequestFilter.doFilter(OncePerRequestFilter.java:116)
	at org.apache.catalina.core.ApplicationFilterChain.internalDoFilter(ApplicationFilterChain.java:164)
	at org.apache.catalina.core.ApplicationFilterChain.doFilter(ApplicationFilterChain.java:140)
	at org.springframework.web.filter.CharacterEncodingFilter.doFilterInternal(CharacterEncodingFilter.java:201)
	at org.springframework.web.filter.OncePerRequestFilter.doFilter(OncePerRequestFilter.java:116)
	at org.apache.catalina.core.ApplicationFilterChain.internalDoFilter(ApplicationFilterChain.java:164)
	at org.apache.catalina.core.ApplicationFilterChain.doFilter(ApplicationFilterChain.java:140)
	at org.apache.catalina.core.StandardWrapperValve.invoke(StandardWrapperValve.java:167)
	at org.apache.catalina.core.StandardContextValve.invoke(StandardContextValve.java:90)
	at org.apache.catalina.authenticator.AuthenticatorBase.invoke(AuthenticatorBase.java:483)
	at org.apache.catalina.core.StandardHostValve.invoke(StandardHostValve.java:116)
	at org.apache.catalina.valves.ErrorReportValve.invoke(ErrorReportValve.java:93)
	at org.apache.catalina.core.StandardEngineValve.invoke(StandardEngineValve.java:74)
	at org.apache.catalina.connector.CoyoteAdapter.service(CoyoteAdapter.java:344)
	at org.apache.coyote.http11.Http11Processor.service(Http11Processor.java:398)
	at org.apache.coyote.AbstractProcessorLight.process(AbstractProcessorLight.java:63)
	at org.apache.coyote.AbstractProtocol$ConnectionHandler.process(AbstractProtocol.java:903)
	at org.apache.tomcat.util.net.NioEndpoint$SocketProcessor.doRun(NioEndpoint.java:1740)
	at org.apache.tomcat.util.net.SocketProcessorBase.run(SocketProcessorBase.java:52)
	at org.apache.tomcat.util.threads.ThreadPoolExecutor.runWorker(ThreadPoolExecutor.java:1189)
	at org.apache.tomcat.util.threads.ThreadPoolExecutor$Worker.run(ThreadPoolExecutor.java:658)
	at org.apache.tomcat.util.threads.TaskThread$WrappingRunnable.run(TaskThread.java:63)
	at java.base/java.lang.Thread.run(Thread.java:1570)
Caused by: java.lang.Exception: Book not found in Open Library for ISBN: 432536
	at com.example.A_Task3.util.openlibrary.OpenLibraryClient.fetchBookByIsbn(OpenLibraryClient.java:27)
	at com.example.A_Task3.services.BookService.addBook(BookService.java:38)
	... 49 common frames omitted
2025-05-23 14:49:33 [SpringApplicationShutdownHook] INFO  o.s.b.w.e.tomcat.GracefulShutdown - Commencing graceful shutdown. Waiting for active requests to complete
2025-05-23 14:49:33 [tomcat-shutdown] INFO  o.s.b.w.e.tomcat.GracefulShutdown - Graceful shutdown complete
2025-05-23 14:49:33 [SpringApplicationShutdownHook] INFO  o.s.o.j.LocalContainerEntityManagerFactoryBean - Closing JPA EntityManagerFactory for persistence unit 'default'
2025-05-23 14:49:33 [SpringApplicationShutdownHook] INFO  com.zaxxer.hikari.HikariDataSource - HikariPool-1 - Shutdown initiated...
2025-05-23 14:49:33 [SpringApplicationShutdownHook] INFO  com.zaxxer.hikari.HikariDataSource - HikariPool-1 - Shutdown completed.
2025-05-23 15:08:57 [main] INFO  c.example.A_Task3.ATask3Application - Starting ATask3Application using Java 22 with PID 10244 (C:\Users\User\Desktop\Areeba_Tasks\A_Task3\target\classes started by User in C:\Users\User\Desktop\Areeba_Tasks\A_Task3)
2025-05-23 15:08:57 [main] INFO  c.example.A_Task3.ATask3Application - No active profile set, falling back to 1 default profile: "default"
2025-05-23 15:08:58 [main] INFO  o.s.d.r.c.RepositoryConfigurationDelegate - Bootstrapping Spring Data JPA repositories in DEFAULT mode.
2025-05-23 15:08:58 [main] INFO  o.s.d.r.c.RepositoryConfigurationDelegate - Finished Spring Data repository scanning in 123 ms. Found 4 JPA repository interfaces.
2025-05-23 15:08:59 [main] INFO  o.s.b.w.e.tomcat.TomcatWebServer - Tomcat initialized with port 8080 (http)
2025-05-23 15:08:59 [main] INFO  o.a.catalina.core.StandardService - Starting service [Tomcat]
2025-05-23 15:08:59 [main] INFO  o.a.catalina.core.StandardEngine - Starting Servlet engine: [Apache Tomcat/10.1.40]
2025-05-23 15:08:59 [main] INFO  o.a.c.c.C.[Tomcat].[localhost].[/] - Initializing Spring embedded WebApplicationContext
2025-05-23 15:08:59 [main] INFO  o.s.b.w.s.c.ServletWebServerApplicationContext - Root WebApplicationContext: initialization completed in 2452 ms
2025-05-23 15:08:59 [main] INFO  com.zaxxer.hikari.HikariDataSource - HikariPool-1 - Starting...
2025-05-23 15:08:59 [main] INFO  com.zaxxer.hikari.pool.HikariPool - HikariPool-1 - Added connection org.postgresql.jdbc.PgConnection@b950f82
2025-05-23 15:08:59 [main] INFO  com.zaxxer.hikari.HikariDataSource - HikariPool-1 - Start completed.
2025-05-23 15:09:00 [main] INFO  o.h.jpa.internal.util.LogHelper - HHH000204: Processing PersistenceUnitInfo [name: default]
2025-05-23 15:09:00 [main] INFO  org.hibernate.Version - HHH000412: Hibernate ORM core version 6.6.13.Final
2025-05-23 15:09:00 [main] INFO  o.h.c.i.RegionFactoryInitiator - HHH000026: Second-level cache disabled
2025-05-23 15:09:00 [main] INFO  o.s.o.j.p.SpringPersistenceUnitInfo - No LoadTimeWeaver setup: ignoring JPA class transformer
2025-05-23 15:09:00 [main] WARN  org.hibernate.orm.deprecation - HHH90000025: PostgreSQLDialect does not need to be specified explicitly using 'hibernate.dialect' (remove the property setting and it will be selected by default)
2025-05-23 15:09:00 [main] INFO  o.hibernate.orm.connections.pooling - HHH10001005: Database info:
	Database JDBC URL [Connecting through datasource 'HikariDataSource (HikariPool-1)']
	Database driver: undefined/unknown
	Database version: 17.4
	Autocommit mode: undefined/unknown
	Isolation level: undefined/unknown
	Minimum pool size: undefined/unknown
	Maximum pool size: undefined/unknown
2025-05-23 15:09:01 [main] INFO  o.h.e.t.j.p.i.JtaPlatformInitiator - HHH000489: No JTA platform available (set 'hibernate.transaction.jta.platform' to enable JTA platform integration)
2025-05-23 15:09:01 [main] INFO  o.s.o.j.LocalContainerEntityManagerFactoryBean - Initialized JPA EntityManagerFactory for persistence unit 'default'
2025-05-23 15:09:02 [main] WARN  o.s.b.a.o.j.JpaBaseConfiguration$JpaWebConfiguration - spring.jpa.open-in-view is enabled by default. Therefore, database queries may be performed during view rendering. Explicitly configure spring.jpa.open-in-view to disable this warning
2025-05-23 15:09:02 [main] INFO  o.s.v.b.OptionalValidatorFactoryBean - Failed to set up a Bean Validation provider: jakarta.validation.NoProviderFoundException: Unable to create a Configuration, because no Jakarta Bean Validation provider could be found. Add a provider like Hibernate Validator (RI) to your classpath.
2025-05-23 15:09:02 [main] INFO  o.s.b.w.e.tomcat.TomcatWebServer - Tomcat started on port 8080 (http) with context path '/'
2025-05-23 15:09:02 [main] INFO  c.example.A_Task3.ATask3Application - Started ATask3Application in 6.38 seconds (process running for 9.569)
2025-05-23 15:09:41 [http-nio-8080-exec-1] INFO  o.a.c.c.C.[Tomcat].[localhost].[/] - Initializing Spring DispatcherServlet 'dispatcherServlet'
2025-05-23 15:09:41 [http-nio-8080-exec-1] INFO  o.s.web.servlet.DispatcherServlet - Initializing Servlet 'dispatcherServlet'
2025-05-23 15:09:41 [http-nio-8080-exec-1] INFO  o.s.web.servlet.DispatcherServlet - Completed initialization in 0 ms
2025-05-23 15:09:43 [http-nio-8080-exec-5] INFO  o.s.api.AbstractOpenApiResource - Init duration for springdoc-openapi is: 727 ms
2025-05-23 15:09:53 [http-nio-8080-exec-4] INFO  c.e.A.controllers.BorrowerController - Request to get all borrowers
2025-05-23 15:09:53 [http-nio-8080-exec-4] DEBUG org.hibernate.SQL - select b1_0.id,b1_0.email,b1_0.name,b1_0.phone_number from borrower b1_0
2025-05-23 15:09:53 [http-nio-8080-exec-4] INFO  c.e.A_Task3.services.BorrowerService - Found 2 borrowers
2025-05-23 15:09:53 [http-nio-8080-exec-4] INFO  c.e.A.controllers.BorrowerController - Found 2 borrowers
2025-05-23 15:11:48 [http-nio-8080-exec-8] INFO  c.e.A.c.BorrowingTransactionController - Request to borrow book: BorrowingTransactionRequest(bookId=358ca910-6264-4bf8-aae1-d96e2a6dc42c, borrowerId=fbbe55a9-7663-4170-a727-e5123210f2b6)
2025-05-23 15:11:48 [http-nio-8080-exec-8] DEBUG org.hibernate.SQL - select count(bt1_0.id) from borrowing_transaction bt1_0 left join borrower b1_0 on b1_0.id=bt1_0.borrower_id where b1_0.id=? and bt1_0.status=?
2025-05-23 15:11:48 [http-nio-8080-exec-8] DEBUG org.hibernate.SQL - select b1_0.id,b1_0.availability,b1_0.category,b1_0.isbn,b1_0.title from book b1_0 where b1_0.id=?
2025-05-23 15:11:48 [http-nio-8080-exec-8] DEBUG org.hibernate.SQL - select b1_0.id,b1_0.email,b1_0.name,b1_0.phone_number from borrower b1_0 where b1_0.id=?
2025-05-23 15:11:48 [http-nio-8080-exec-8] DEBUG org.hibernate.SQL - update book set availability=?,category=?,isbn=?,title=? where id=?
2025-05-23 15:11:48 [http-nio-8080-exec-8] DEBUG org.hibernate.SQL - insert into borrowing_transaction (book_id,borrow_date,borrower_id,return_date,status,id) values (?,?,?,?,?,?)
2025-05-23 15:11:48 [http-nio-8080-exec-8] INFO  c.e.A.s.BorrowingTransactionService - Book borrowed successfully: transactionId=0b8730c4-591d-498e-9624-422dfd82da7a
2025-05-23 15:11:48 [http-nio-8080-exec-8] INFO  c.e.A.c.BorrowingTransactionController - Book borrowed successfully: transactionId=0b8730c4-591d-498e-9624-422dfd82da7a
2025-05-23 15:11:48 [http-nio-8080-exec-8] DEBUG org.hibernate.SQL - select a1_0.book_id,a1_1.id,a1_1.biography,a1_1.name from book_author a1_0 join author a1_1 on a1_1.id=a1_0.author_id where a1_0.book_id=?
2025-05-23 15:12:00 [http-nio-8080-exec-9] INFO  c.e.A.c.BorrowingTransactionController - Request to borrow book: BorrowingTransactionRequest(bookId=4c4e9c4c-622d-469a-adea-02ffc7be4d2d, borrowerId=fbbe55a9-7663-4170-a727-e5123210f2b6)
2025-05-23 15:12:00 [http-nio-8080-exec-9] DEBUG org.hibernate.SQL - select count(bt1_0.id) from borrowing_transaction bt1_0 left join borrower b1_0 on b1_0.id=bt1_0.borrower_id where b1_0.id=? and bt1_0.status=?
2025-05-23 15:12:00 [http-nio-8080-exec-9] DEBUG org.hibernate.SQL - select b1_0.id,b1_0.availability,b1_0.category,b1_0.isbn,b1_0.title from book b1_0 where b1_0.id=?
2025-05-23 15:12:00 [http-nio-8080-exec-9] DEBUG org.hibernate.SQL - select b1_0.id,b1_0.email,b1_0.name,b1_0.phone_number from borrower b1_0 where b1_0.id=?
2025-05-23 15:12:00 [http-nio-8080-exec-9] DEBUG org.hibernate.SQL - update book set availability=?,category=?,isbn=?,title=? where id=?
2025-05-23 15:12:00 [http-nio-8080-exec-9] DEBUG org.hibernate.SQL - insert into borrowing_transaction (book_id,borrow_date,borrower_id,return_date,status,id) values (?,?,?,?,?,?)
2025-05-23 15:12:00 [http-nio-8080-exec-9] INFO  c.e.A.s.BorrowingTransactionService - Book borrowed successfully: transactionId=60a955eb-422a-4ba3-b54e-36ab2d70115f
2025-05-23 15:12:00 [http-nio-8080-exec-9] INFO  c.e.A.c.BorrowingTransactionController - Book borrowed successfully: transactionId=60a955eb-422a-4ba3-b54e-36ab2d70115f
2025-05-23 15:12:00 [http-nio-8080-exec-9] DEBUG org.hibernate.SQL - select a1_0.book_id,a1_1.id,a1_1.biography,a1_1.name from book_author a1_0 join author a1_1 on a1_1.id=a1_0.author_id where a1_0.book_id=?
2025-05-23 15:12:00 [http-nio-8080-exec-9] DEBUG org.hibernate.SQL - select b1_0.author_id,b1_1.id,b1_1.availability,b1_1.category,b1_1.isbn,b1_1.title from book_author b1_0 join book b1_1 on b1_1.id=b1_0.book_id where b1_0.author_id=?
2025-05-23 15:12:00 [http-nio-8080-exec-9] DEBUG org.hibernate.SQL - select a1_0.book_id,a1_1.id,a1_1.biography,a1_1.name from book_author a1_0 join author a1_1 on a1_1.id=a1_0.author_id where a1_0.book_id=?
2025-05-23 15:12:00 [http-nio-8080-exec-9] WARN  o.s.w.s.m.s.DefaultHandlerExceptionResolver - Ignoring exception, response committed already: org.springframework.http.converter.HttpMessageNotWritableException: Could not write JSON: Document nesting depth (1001) exceeds the maximum allowed (1000, from `StreamWriteConstraints.getMaxNestingDepth()`)
2025-05-23 15:12:00 [http-nio-8080-exec-9] WARN  o.s.w.s.m.s.DefaultHandlerExceptionResolver - Resolved [org.springframework.http.converter.HttpMessageNotWritableException: Could not write JSON: Document nesting depth (1001) exceeds the maximum allowed (1000, from `StreamWriteConstraints.getMaxNestingDepth()`)]
2025-05-23 15:15:59 [SpringApplicationShutdownHook] INFO  o.s.b.w.e.tomcat.GracefulShutdown - Commencing graceful shutdown. Waiting for active requests to complete
2025-05-23 15:15:59 [tomcat-shutdown] INFO  o.s.b.w.e.tomcat.GracefulShutdown - Graceful shutdown complete
2025-05-23 15:15:59 [SpringApplicationShutdownHook] INFO  o.s.o.j.LocalContainerEntityManagerFactoryBean - Closing JPA EntityManagerFactory for persistence unit 'default'
2025-05-23 15:15:59 [SpringApplicationShutdownHook] INFO  com.zaxxer.hikari.HikariDataSource - HikariPool-1 - Shutdown initiated...
2025-05-23 15:15:59 [SpringApplicationShutdownHook] INFO  com.zaxxer.hikari.HikariDataSource - HikariPool-1 - Shutdown completed.
2025-05-23 15:16:35 [main] INFO  c.example.A_Task3.ATask3Application - Starting ATask3Application using Java 22 with PID 32760 (C:\Users\User\Desktop\Areeba_Tasks\A_Task3\target\classes started by User in C:\Users\User\Desktop\Areeba_Tasks\A_Task3)
2025-05-23 15:16:35 [main] INFO  c.example.A_Task3.ATask3Application - No active profile set, falling back to 1 default profile: "default"
2025-05-23 15:16:36 [main] INFO  o.s.d.r.c.RepositoryConfigurationDelegate - Bootstrapping Spring Data JPA repositories in DEFAULT mode.
2025-05-23 15:16:36 [main] INFO  o.s.d.r.c.RepositoryConfigurationDelegate - Finished Spring Data repository scanning in 106 ms. Found 4 JPA repository interfaces.
2025-05-23 15:16:37 [main] INFO  o.s.b.w.e.tomcat.TomcatWebServer - Tomcat initialized with port 8080 (http)
2025-05-23 15:16:37 [main] INFO  o.a.catalina.core.StandardService - Starting service [Tomcat]
2025-05-23 15:16:37 [main] INFO  o.a.catalina.core.StandardEngine - Starting Servlet engine: [Apache Tomcat/10.1.40]
2025-05-23 15:16:38 [main] INFO  o.a.c.c.C.[Tomcat].[localhost].[/] - Initializing Spring embedded WebApplicationContext
2025-05-23 15:16:38 [main] INFO  o.s.b.w.s.c.ServletWebServerApplicationContext - Root WebApplicationContext: initialization completed in 2431 ms
2025-05-23 15:16:38 [main] INFO  com.zaxxer.hikari.HikariDataSource - HikariPool-1 - Starting...
2025-05-23 15:16:38 [main] INFO  com.zaxxer.hikari.pool.HikariPool - HikariPool-1 - Added connection org.postgresql.jdbc.PgConnection@55736cfe
2025-05-23 15:16:38 [main] INFO  com.zaxxer.hikari.HikariDataSource - HikariPool-1 - Start completed.
2025-05-23 15:16:38 [main] INFO  o.h.jpa.internal.util.LogHelper - HHH000204: Processing PersistenceUnitInfo [name: default]
2025-05-23 15:16:38 [main] INFO  org.hibernate.Version - HHH000412: Hibernate ORM core version 6.6.13.Final
2025-05-23 15:16:38 [main] INFO  o.h.c.i.RegionFactoryInitiator - HHH000026: Second-level cache disabled
2025-05-23 15:16:39 [main] INFO  o.s.o.j.p.SpringPersistenceUnitInfo - No LoadTimeWeaver setup: ignoring JPA class transformer
2025-05-23 15:16:39 [main] WARN  org.hibernate.orm.deprecation - HHH90000025: PostgreSQLDialect does not need to be specified explicitly using 'hibernate.dialect' (remove the property setting and it will be selected by default)
2025-05-23 15:16:39 [main] INFO  o.hibernate.orm.connections.pooling - HHH10001005: Database info:
	Database JDBC URL [Connecting through datasource 'HikariDataSource (HikariPool-1)']
	Database driver: undefined/unknown
	Database version: 17.4
	Autocommit mode: undefined/unknown
	Isolation level: undefined/unknown
	Minimum pool size: undefined/unknown
	Maximum pool size: undefined/unknown
2025-05-23 15:16:40 [main] INFO  o.h.e.t.j.p.i.JtaPlatformInitiator - HHH000489: No JTA platform available (set 'hibernate.transaction.jta.platform' to enable JTA platform integration)
2025-05-23 15:16:40 [main] INFO  o.s.o.j.LocalContainerEntityManagerFactoryBean - Initialized JPA EntityManagerFactory for persistence unit 'default'
2025-05-23 15:16:40 [main] WARN  o.s.b.a.o.j.JpaBaseConfiguration$JpaWebConfiguration - spring.jpa.open-in-view is enabled by default. Therefore, database queries may be performed during view rendering. Explicitly configure spring.jpa.open-in-view to disable this warning
2025-05-23 15:16:40 [main] INFO  o.s.v.b.OptionalValidatorFactoryBean - Failed to set up a Bean Validation provider: jakarta.validation.NoProviderFoundException: Unable to create a Configuration, because no Jakarta Bean Validation provider could be found. Add a provider like Hibernate Validator (RI) to your classpath.
2025-05-23 15:16:41 [main] INFO  o.s.b.w.e.tomcat.TomcatWebServer - Tomcat started on port 8080 (http) with context path '/'
2025-05-23 15:16:41 [main] INFO  c.example.A_Task3.ATask3Application - Started ATask3Application in 6.211 seconds (process running for 9.244)
2025-05-23 15:17:02 [http-nio-8080-exec-1] INFO  o.a.c.c.C.[Tomcat].[localhost].[/] - Initializing Spring DispatcherServlet 'dispatcherServlet'
2025-05-23 15:17:02 [http-nio-8080-exec-1] INFO  o.s.web.servlet.DispatcherServlet - Initializing Servlet 'dispatcherServlet'
2025-05-23 15:17:02 [http-nio-8080-exec-1] INFO  o.s.web.servlet.DispatcherServlet - Completed initialization in 1 ms
2025-05-23 15:17:03 [http-nio-8080-exec-5] INFO  o.s.api.AbstractOpenApiResource - Init duration for springdoc-openapi is: 888 ms
2025-05-23 15:17:09 [http-nio-8080-exec-4] INFO  c.e.A.c.BorrowingTransactionController - Request to borrow book: BorrowingTransactionRequest(bookId=4c4e9c4c-622d-469a-adea-02ffc7be4d2d, borrowerId=fbbe55a9-7663-4170-a727-e5123210f2b6)
2025-05-23 15:17:09 [http-nio-8080-exec-4] DEBUG org.hibernate.SQL - select count(bt1_0.id) from borrowing_transaction bt1_0 left join borrower b1_0 on b1_0.id=bt1_0.borrower_id where b1_0.id=? and bt1_0.status=?
2025-05-23 15:17:09 [http-nio-8080-exec-4] DEBUG org.hibernate.SQL - select b1_0.id,b1_0.availability,b1_0.category,b1_0.isbn,b1_0.title from book b1_0 where b1_0.id=?
2025-05-23 15:17:09 [http-nio-8080-exec-4] WARN  c.e.A.s.BorrowingTransactionService - Book with id=4c4e9c4c-622d-469a-adea-02ffc7be4d2d is not available for borrowing
2025-05-23 15:17:09 [http-nio-8080-exec-4] WARN  c.e.A.s.BorrowingTransactionService - Failed to borrow book: Book is not available for borrowing.
2025-05-23 15:17:09 [http-nio-8080-exec-4] WARN  c.e.A.c.BorrowingTransactionController - Failed to borrow book: Book is not available for borrowing.
2025-05-23 15:17:30 [http-nio-8080-exec-6] INFO  c.e.A.c.BorrowingTransactionController - Request to borrow book: BorrowingTransactionRequest(bookId=4a78f0ad-473d-4746-a5b4-d6bb5c55487c, borrowerId=fbbe55a9-7663-4170-a727-e5123210f2b6)
2025-05-23 15:17:30 [http-nio-8080-exec-6] DEBUG org.hibernate.SQL - select count(bt1_0.id) from borrowing_transaction bt1_0 left join borrower b1_0 on b1_0.id=bt1_0.borrower_id where b1_0.id=? and bt1_0.status=?
2025-05-23 15:17:30 [http-nio-8080-exec-6] DEBUG org.hibernate.SQL - select b1_0.id,b1_0.availability,b1_0.category,b1_0.isbn,b1_0.title from book b1_0 where b1_0.id=?
2025-05-23 15:17:30 [http-nio-8080-exec-6] DEBUG org.hibernate.SQL - select b1_0.id,b1_0.email,b1_0.name,b1_0.phone_number from borrower b1_0 where b1_0.id=?
2025-05-23 15:17:30 [http-nio-8080-exec-6] DEBUG org.hibernate.SQL - update book set availability=?,category=?,isbn=?,title=? where id=?
2025-05-23 15:17:30 [http-nio-8080-exec-6] DEBUG org.hibernate.SQL - insert into borrowing_transaction (book_id,borrow_date,borrower_id,return_date,status,id) values (?,?,?,?,?,?)
2025-05-23 15:17:30 [http-nio-8080-exec-6] INFO  c.e.A.s.BorrowingTransactionService - Book borrowed successfully: transactionId=0e102dfb-7112-40ce-9032-37c60fcc905e
2025-05-23 15:17:30 [http-nio-8080-exec-6] INFO  c.e.A.c.BorrowingTransactionController - Book borrowed successfully: transactionId=0e102dfb-7112-40ce-9032-37c60fcc905e
2025-05-23 15:17:30 [http-nio-8080-exec-6] DEBUG org.hibernate.SQL - select a1_0.book_id,a1_1.id,a1_1.biography,a1_1.name from book_author a1_0 join author a1_1 on a1_1.id=a1_0.author_id where a1_0.book_id=?
2025-05-23 15:18:13 [http-nio-8080-exec-7] INFO  c.e.A.c.BorrowingTransactionController - Request to borrow book: BorrowingTransactionRequest(bookId=39f7c3c4-8c1a-4adf-984d-58ea548ce047, borrowerId=fbbe55a9-7663-4170-a727-e5123210f2b6)
2025-05-23 15:18:13 [http-nio-8080-exec-7] DEBUG org.hibernate.SQL - select count(bt1_0.id) from borrowing_transaction bt1_0 left join borrower b1_0 on b1_0.id=bt1_0.borrower_id where b1_0.id=? and bt1_0.status=?
2025-05-23 15:18:13 [http-nio-8080-exec-7] DEBUG org.hibernate.SQL - select b1_0.id,b1_0.availability,b1_0.category,b1_0.isbn,b1_0.title from book b1_0 where b1_0.id=?
2025-05-23 15:18:13 [http-nio-8080-exec-7] DEBUG org.hibernate.SQL - select b1_0.id,b1_0.email,b1_0.name,b1_0.phone_number from borrower b1_0 where b1_0.id=?
2025-05-23 15:18:13 [http-nio-8080-exec-7] DEBUG org.hibernate.SQL - update book set availability=?,category=?,isbn=?,title=? where id=?
2025-05-23 15:18:13 [http-nio-8080-exec-7] DEBUG org.hibernate.SQL - insert into borrowing_transaction (book_id,borrow_date,borrower_id,return_date,status,id) values (?,?,?,?,?,?)
2025-05-23 15:18:13 [http-nio-8080-exec-7] INFO  c.e.A.s.BorrowingTransactionService - Book borrowed successfully: transactionId=94434a40-a68b-42be-9c25-b4bffe191216
2025-05-23 15:18:13 [http-nio-8080-exec-7] INFO  c.e.A.c.BorrowingTransactionController - Book borrowed successfully: transactionId=94434a40-a68b-42be-9c25-b4bffe191216
2025-05-23 15:18:13 [http-nio-8080-exec-7] DEBUG org.hibernate.SQL - select a1_0.book_id,a1_1.id,a1_1.biography,a1_1.name from book_author a1_0 join author a1_1 on a1_1.id=a1_0.author_id where a1_0.book_id=?
2025-05-23 15:18:26 [http-nio-8080-exec-8] INFO  c.e.A.c.BorrowingTransactionController - Request to borrow book: BorrowingTransactionRequest(bookId=a38a94eb-ab27-494d-bd36-97fa394baa53, borrowerId=fbbe55a9-7663-4170-a727-e5123210f2b6)
2025-05-23 15:18:26 [http-nio-8080-exec-8] DEBUG org.hibernate.SQL - select count(bt1_0.id) from borrowing_transaction bt1_0 left join borrower b1_0 on b1_0.id=bt1_0.borrower_id where b1_0.id=? and bt1_0.status=?
2025-05-23 15:18:26 [http-nio-8080-exec-8] WARN  c.e.A.s.BorrowingTransactionService - Borrower fbbe55a9-7663-4170-a727-e5123210f2b6 has reached the maximum allowed transactions (5).
2025-05-23 15:18:26 [http-nio-8080-exec-8] WARN  c.e.A.c.BorrowingTransactionController - Failed to borrow book: Borrower has reached the maximum allowed transactions.
